-------- Topology Info --------
Nnodes = 2
0: Node: 0 ---> root.ibsw41.gcn130
4: Node: 1 ---> root.ibsw41.gcn131
-------------------------------
Partition = gpu_h100
-------------------------------
switchesPaths:
root.ibsw41.gcn130
root.ibsw41.gcn131
-------------------------------
gcn130 ---> distance with node 0 (gcn130) = 0
gcn131 ---> distance with node 0 (gcn130) = 1
Max distance: 1
-------------------------------
export UCX_IB_SL=1
-------------------------------
echo NO exports to load
NO exports to load
Compile time check:
This MPI library cannot determine if there is CUDA-aware support.
Run time check:nThis MPI library cannot determine if there is CUDA-aware support.
Compile time check:
This MPI library cannot determine if there is CUDA-aware support.
Run time check:nThis MPI library cannot determine if there is CUDA-aware support.
Compile time check:
This MPI library cannot determine if there is CUDA-aware support.
Run time check:nThis MPI library cannot determine if there is CUDA-aware support.
Compile time check:
This MPI library cannot determine if there is CUDA-aware support.
Run time check:nThis MPI library cannot determine if there is CUDA-aware support.
Compile time check:
This MPI library cannot determine if there is CUDA-aware support.
Run time check:nThis MPI library cannot determine if there is CUDA-aware support.
Compile time check:
This MPI library cannot determine if there is CUDA-aware support.
Run time check:nThis MPI library cannot determine if there is CUDA-aware support.
Compile time check:
This MPI library cannot determine if there is CUDA-aware support.
Run time check:nThis MPI library cannot determine if there is CUDA-aware support.
Compile time check:
This MPI library cannot determine if there is CUDA-aware support.
Run time check:nThis MPI library cannot determine if there is CUDA-aware support.
Size = 8, myrank = 7, host_name = gcn131.local.snellius.surf.nl
Size = 8, myrank = 5, host_name = gcn131.local.snellius.surf.nl
Size = 8, myrank = 1, host_name = gcn130.local.snellius.surf.nl
Size = 8, myrank = 3, host_name = gcn130.local.snellius.surf.nl
Size = 8, myrank = 0, host_name = gcn130.local.snellius.surf.nl
Size = 8, myrank = 4, host_name = gcn131.local.snellius.surf.nl
Size = 8, myrank = 2, host_name = gcn130.local.snellius.surf.nl
Size = 8, myrank = 6, host_name = gcn131.local.snellius.surf.nl
Assigning device 3 to process on node gcn130.local.snellius.surf.nl rank 3
Assigning device 0 to process on node gcn130.local.snellius.surf.nl rank 0
buff_cycle: 28 loop_count: 50 max_j: 28
0#Assigning device 1 to process on node gcn130.local.snellius.surf.nl rank 1
Assigning device 2 to process on node gcn130.local.snellius.surf.nl rank 2
Assigning device 0 to process on node gcn131.local.snellius.surf.nl rank 4
Assigning device 2 to process on node gcn131.local.snellius.surf.nl rank 6
Assigning device 1 to process on node gcn131.local.snellius.surf.nl rank 5
Assigning device 3 to process on node gcn131.local.snellius.surf.nl rank 7
